$ time ./landscape_txz 10000000
Task F: Threshold landscape for T(x,1,z), |V| <= 10000000

Searched 134,391,973 T(x,1,z) graphs

Threshold n    Smallest T(x,1,z)             |V|
------------------------------------------------
  n=7          T(16,1,19)                    337
  n=9          T(9,1,11)                     118
  n=11         T(8,1,10)                      97
  n=13         T(7,1,9)                       78
  n=15         T(8,1,12)                     113
  n=17         T(58,1,112)                  6613
  n=19         T(122,1,240)                29525
  n=21         T(250,1,496)               124501
  n=23         T(506,1,1008)              511061
  n=25         T(1018,1,2032)            2070613
  n=27         T(2042,1,4080)            8335445

No threshold >= 29 found with |V| <= 10000000

real    3m47.202s
user    20m43.925s
sys     0m1.566s
