$ ./synthesizer 25
[c++ synthesizer] Enumerating trees on N=25 (top_k=10)
  Path P(25) baseline: 196418 independent sets
  [c++] 104636K / 104636K (100%) | 1889.6s | 0K/s | ETA 5s   s
  ═══════════════════════════════════════════════
  N=25 | 104636890 unique / 2067174645 rooted | 1890.5s
  Throughput: 55349 trees/sec | Dedup ratio: 19.8x
  Hash load: 39.0% (104636890 / 268435456 slots)
  Top-1: 16777217 (85.42x vs path)
  ═══════════════════════════════════════════════
{
  "n": 25,
  "trees_scanned": 104636890,
  "rooted_processed": 2067174645,
  "path_score": 196418,
  "elapsed_ms": 1890478.8,
  "trees_per_sec": 55349,
  "top_k": [
    {
      "rank": 1,
      "score": 16777217,
      "ratio": 85.42,
      "diameter": 2,
      "leaves": 24,
      "max_degree": 24,
      "edges": [[0,1], [1,2], [1,3], [1,4], [1,5], [1,6], [1,7], [1,8], [1,9], [1,10], [1,11], [1,12], [1,13], [1,14], [1,15], [1,16], [1,17], [1,18], [1,19], [1,20], [1,21], [1,22], [1,23], [1,24]]
    },
    {
      "rank": 2,
      "score": 12582914,
      "ratio": 64.06,
      "diameter": 3,
      "leaves": 23,
      "max_degree": 23,
      "edges": [[0,1], [1,2], [2,3], [2,4], [2,5], [2,6], [2,7], [2,8], [2,9], [2,10], [2,11], [2,12], [2,13], [2,14], [2,15], [2,16], [2,17], [2,18], [2,19], [2,20], [2,21], [2,22], [2,23], [2,24]]
    },
    {
      "rank": 3,
      "score": 10485764,
      "ratio": 53.38,
      "diameter": 3,
      "leaves": 23,
      "max_degree": 22,
      "edges": [[0,1], [1,2], [2,3], [2,4], [2,5], [2,6], [2,7], [2,8], [2,9], [2,10], [2,11], [2,12], [2,13], [2,14], [2,15], [2,16], [2,17], [2,18], [2,19], [2,20], [2,21], [2,22], [2,23], [1,24]]
    },
    {
      "rank": 4,
      "score": 10485763,
      "ratio": 53.38,
      "diameter": 4,
      "leaves": 22,
      "max_degree": 22,
      "edges": [[0,1], [1,2], [2,3], [3,4], [3,5], [3,6], [3,7], [3,8], [3,9], [3,10], [3,11], [3,12], [3,13], [3,14], [3,15], [3,16], [3,17], [3,18], [3,19], [3,20], [3,21], [3,22], [3,23], [3,24]]
    },
    {
      "rank": 5,
      "score": 9437192,
      "ratio": 48.05,
      "diameter": 3,
      "leaves": 23,
      "max_degree": 21,
      "edges": [[0,1], [1,2], [2,3], [2,4], [2,5], [2,6], [2,7], [2,8], [2,9], [2,10], [2,11], [2,12], [2,13], [2,14], [2,15], [2,16], [2,17], [2,18], [2,19], [2,20], [2,21], [2,22], [1,23], [1,24]]
    },
    {
      "rank": 6,
      "score": 9437189,
      "ratio": 48.05,
      "diameter": 4,
      "leaves": 22,
      "max_degree": 21,
      "edges": [[0,1], [1,2], [2,3], [3,4], [3,5], [3,6], [3,7], [3,8], [3,9], [3,10], [3,11], [3,12], [3,13], [3,14], [3,15], [3,16], [3,17], [3,18], [3,19], [3,20], [3,21], [3,22], [3,23], [1,24]]
    },
    {
      "rank": 7,
      "score": 9437188,
      "ratio": 48.05,
      "diameter": 4,
      "leaves": 22,
      "max_degree": 22,
      "edges": [[0,1], [1,2], [2,3], [3,4], [2,5], [2,6], [2,7], [2,8], [2,9], [2,10], [2,11], [2,12], [2,13], [2,14], [2,15], [2,16], [2,17], [2,18], [2,19], [2,20], [2,21], [2,22], [2,23], [2,24]]
    },
    {
      "rank": 8,
      "score": 8912912,
      "ratio": 45.38,
      "diameter": 3,
      "leaves": 23,
      "max_degree": 20,
      "edges": [[0,1], [1,2], [2,3], [2,4], [2,5], [2,6], [2,7], [2,8], [2,9], [2,10], [2,11], [2,12], [2,13], [2,14], [2,15], [2,16], [2,17], [2,18], [2,19], [2,20], [2,21], [1,22], [1,23], [1,24]]
    },
    {
      "rank": 9,
      "score": 8912905,
      "ratio": 45.38,
      "diameter": 4,
      "leaves": 22,
      "max_degree": 20,
      "edges": [[0,1], [1,2], [2,3], [3,4], [3,5], [3,6], [3,7], [3,8], [3,9], [3,10], [3,11], [3,12], [3,13], [3,14], [3,15], [3,16], [3,17], [3,18], [3,19], [3,20], [3,21], [3,22], [1,23], [1,24]]
    },
    {
      "rank": 10,
      "score": 8650784,
      "ratio": 44.04,
      "diameter": 3,
      "leaves": 23,
      "max_degree": 19,
      "edges": [[0,1], [1,2], [2,3], [2,4], [2,5], [2,6], [2,7], [2,8], [2,9], [2,10], [2,11], [2,12], [2,13], [2,14], [2,15], [2,16], [2,17], [2,18], [2,19], [2,20], [1,21], [1,22], [1,23], [1,24]]
    }
  ]
}
