$ ./synthesizer 22
[c++ synthesizer] Enumerating trees on N=22 (top_k=10)
  Path P(22) baseline: 46368 independent sets
  [c++] 5600K / 5623K (100%) | 57.1s | 10K/s | ETA 2s
  ═══════════════════════════════════════════════
  N=22 | 5623756 unique / 97055181 rooted | 74.2s
  Throughput: 75770 trees/sec | Dedup ratio: 17.3x
  Hash load: 33.5% (5623756 / 16777216 slots)
  Top-1: 2097153 (45.23x vs path)
  ═══════════════════════════════════════════════
{
  "n": 22,
  "trees_scanned": 5623756,
  "rooted_processed": 97055181,
  "path_score": 46368,
  "elapsed_ms": 74221.4,
  "trees_per_sec": 75770,
  "top_k": [
    {
      "rank": 1,
      "score": 2097153,
      "ratio": 45.23,
      "diameter": 2,
      "leaves": 21,
      "max_degree": 21,
      "edges": [[0,1], [1,2], [1,3], [1,4], [1,5], [1,6], [1,7], [1,8], [1,9], [1,10], [1,11], [1,12], [1,13], [1,14], [1,15], [1,16], [1,17], [1,18], [1,19], [1,20], [1,21]]
    },
    {
      "rank": 2,
      "score": 1572866,
      "ratio": 33.92,
      "diameter": 3,
      "leaves": 20,
      "max_degree": 20,
      "edges": [[0,1], [1,2], [2,3], [2,4], [2,5], [2,6], [2,7], [2,8], [2,9], [2,10], [2,11], [2,12], [2,13], [2,14], [2,15], [2,16], [2,17], [2,18], [2,19], [2,20], [2,21]]
    },
    {
      "rank": 3,
      "score": 1310724,
      "ratio": 28.27,
      "diameter": 3,
      "leaves": 20,
      "max_degree": 19,
      "edges": [[0,1], [1,2], [2,3], [2,4], [2,5], [2,6], [2,7], [2,8], [2,9], [2,10], [2,11], [2,12], [2,13], [2,14], [2,15], [2,16], [2,17], [2,18], [2,19], [2,20], [1,21]]
    },
    {
      "rank": 4,
      "score": 1310723,
      "ratio": 28.27,
      "diameter": 4,
      "leaves": 19,
      "max_degree": 19,
      "edges": [[0,1], [1,2], [2,3], [3,4], [3,5], [3,6], [3,7], [3,8], [3,9], [3,10], [3,11], [3,12], [3,13], [3,14], [3,15], [3,16], [3,17], [3,18], [3,19], [3,20], [3,21]]
    },
    {
      "rank": 5,
      "score": 1179656,
      "ratio": 25.44,
      "diameter": 3,
      "leaves": 20,
      "max_degree": 18,
      "edges": [[0,1], [1,2], [2,3], [2,4], [2,5], [2,6], [2,7], [2,8], [2,9], [2,10], [2,11], [2,12], [2,13], [2,14], [2,15], [2,16], [2,17], [2,18], [2,19], [1,20], [1,21]]
    },
    {
      "rank": 6,
      "score": 1179653,
      "ratio": 25.44,
      "diameter": 4,
      "leaves": 19,
      "max_degree": 18,
      "edges": [[0,1], [1,2], [2,3], [3,4], [3,5], [3,6], [3,7], [3,8], [3,9], [3,10], [3,11], [3,12], [3,13], [3,14], [3,15], [3,16], [3,17], [3,18], [3,19], [3,20], [1,21]]
    },
    {
      "rank": 7,
      "score": 1179652,
      "ratio": 25.44,
      "diameter": 4,
      "leaves": 19,
      "max_degree": 19,
      "edges": [[0,1], [1,2], [2,3], [3,4], [2,5], [2,6], [2,7], [2,8], [2,9], [2,10], [2,11], [2,12], [2,13], [2,14], [2,15], [2,16], [2,17], [2,18], [2,19], [2,20], [2,21]]
    },
    {
      "rank": 8,
      "score": 1114128,
      "ratio": 24.03,
      "diameter": 3,
      "leaves": 20,
      "max_degree": 17,
      "edges": [[0,1], [1,2], [2,3], [2,4], [2,5], [2,6], [2,7], [2,8], [2,9], [2,10], [2,11], [2,12], [2,13], [2,14], [2,15], [2,16], [2,17], [2,18], [1,19], [1,20], [1,21]]
    },
    {
      "rank": 9,
      "score": 1114121,
      "ratio": 24.03,
      "diameter": 4,
      "leaves": 19,
      "max_degree": 17,
      "edges": [[0,1], [1,2], [2,3], [3,4], [3,5], [3,6], [3,7], [3,8], [3,9], [3,10], [3,11], [3,12], [3,13], [3,14], [3,15], [3,16], [3,17], [3,18], [3,19], [1,20], [1,21]]
    },
    {
      "rank": 10,
      "score": 1081376,
      "ratio": 23.32,
      "diameter": 3,
      "leaves": 20,
      "max_degree": 16,
      "edges": [[0,1], [1,2], [2,3], [2,4], [2,5], [2,6], [2,7], [2,8], [2,9], [2,10], [2,11], [2,12], [2,13], [2,14], [2,15], [2,16], [2,17], [1,18], [1,19], [1,20], [1,21]]
    }
  ]
}
