$ ./synthesizer 23
[c++ synthesizer] Enumerating trees on N=23 (top_k=10)
  Path P(23) baseline: 75025 independent sets
  [c++] 14800K / 14828K (100%) | 173.3s | 85K/s | ETA 0s
  ═══════════════════════════════════════════════
  N=23 | 14828074 unique / 268282855 rooted | 212.9s
  Throughput: 69658 trees/sec | Dedup ratio: 18.1x
  Hash load: 44.2% (14828074 / 33554432 slots)
  Top-1: 4194305 (55.91x vs path)
  ═══════════════════════════════════════════════
{
  "n": 23,
  "trees_scanned": 14828074,
  "rooted_processed": 268282855,
  "path_score": 75025,
  "elapsed_ms": 212869.6,
  "trees_per_sec": 69658,
  "top_k": [
    {
      "rank": 1,
      "score": 4194305,
      "ratio": 55.91,
      "diameter": 2,
      "leaves": 22,
      "max_degree": 22,
      "edges": [[0,1], [1,2], [1,3], [1,4], [1,5], [1,6], [1,7], [1,8], [1,9], [1,10], [1,11], [1,12], [1,13], [1,14], [1,15], [1,16], [1,17], [1,18], [1,19], [1,20], [1,21], [1,22]]
    },
    {
      "rank": 2,
      "score": 3145730,
      "ratio": 41.93,
      "diameter": 3,
      "leaves": 21,
      "max_degree": 21,
      "edges": [[0,1], [1,2], [2,3], [2,4], [2,5], [2,6], [2,7], [2,8], [2,9], [2,10], [2,11], [2,12], [2,13], [2,14], [2,15], [2,16], [2,17], [2,18], [2,19], [2,20], [2,21], [2,22]]
    },
    {
      "rank": 3,
      "score": 2621444,
      "ratio": 34.94,
      "diameter": 3,
      "leaves": 21,
      "max_degree": 20,
      "edges": [[0,1], [1,2], [2,3], [2,4], [2,5], [2,6], [2,7], [2,8], [2,9], [2,10], [2,11], [2,12], [2,13], [2,14], [2,15], [2,16], [2,17], [2,18], [2,19], [2,20], [2,21], [1,22]]
    },
    {
      "rank": 4,
      "score": 2621443,
      "ratio": 34.94,
      "diameter": 4,
      "leaves": 20,
      "max_degree": 20,
      "edges": [[0,1], [1,2], [2,3], [3,4], [3,5], [3,6], [3,7], [3,8], [3,9], [3,10], [3,11], [3,12], [3,13], [3,14], [3,15], [3,16], [3,17], [3,18], [3,19], [3,20], [3,21], [3,22]]
    },
    {
      "rank": 5,
      "score": 2359304,
      "ratio": 31.45,
      "diameter": 3,
      "leaves": 21,
      "max_degree": 19,
      "edges": [[0,1], [1,2], [2,3], [2,4], [2,5], [2,6], [2,7], [2,8], [2,9], [2,10], [2,11], [2,12], [2,13], [2,14], [2,15], [2,16], [2,17], [2,18], [2,19], [2,20], [1,21], [1,22]]
    },
    {
      "rank": 6,
      "score": 2359301,
      "ratio": 31.45,
      "diameter": 4,
      "leaves": 20,
      "max_degree": 19,
      "edges": [[0,1], [1,2], [2,3], [3,4], [3,5], [3,6], [3,7], [3,8], [3,9], [3,10], [3,11], [3,12], [3,13], [3,14], [3,15], [3,16], [3,17], [3,18], [3,19], [3,20], [3,21], [1,22]]
    },
    {
      "rank": 7,
      "score": 2359300,
      "ratio": 31.45,
      "diameter": 4,
      "leaves": 20,
      "max_degree": 20,
      "edges": [[0,1], [1,2], [2,3], [3,4], [2,5], [2,6], [2,7], [2,8], [2,9], [2,10], [2,11], [2,12], [2,13], [2,14], [2,15], [2,16], [2,17], [2,18], [2,19], [2,20], [2,21], [2,22]]
    },
    {
      "rank": 8,
      "score": 2228240,
      "ratio": 29.70,
      "diameter": 3,
      "leaves": 21,
      "max_degree": 18,
      "edges": [[0,1], [1,2], [2,3], [2,4], [2,5], [2,6], [2,7], [2,8], [2,9], [2,10], [2,11], [2,12], [2,13], [2,14], [2,15], [2,16], [2,17], [2,18], [2,19], [1,20], [1,21], [1,22]]
    },
    {
      "rank": 9,
      "score": 2228233,
      "ratio": 29.70,
      "diameter": 4,
      "leaves": 20,
      "max_degree": 18,
      "edges": [[0,1], [1,2], [2,3], [3,4], [3,5], [3,6], [3,7], [3,8], [3,9], [3,10], [3,11], [3,12], [3,13], [3,14], [3,15], [3,16], [3,17], [3,18], [3,19], [3,20], [1,21], [1,22]]
    },
    {
      "rank": 10,
      "score": 2162720,
      "ratio": 28.83,
      "diameter": 3,
      "leaves": 21,
      "max_degree": 17,
      "edges": [[0,1], [1,2], [2,3], [2,4], [2,5], [2,6], [2,7], [2,8], [2,9], [2,10], [2,11], [2,12], [2,13], [2,14], [2,15], [2,16], [2,17], [2,18], [1,19], [1,20], [1,21], [1,22]]
    }
  ]
}
